<?xml version="1.0" encoding="UTF-8"?>
<testsuite xmlns:xsi="http://www.w3.org/2001/XMLSchema-instance" xsi:noNamespaceSchemaLocation="https://maven.apache.org/surefire/maven-surefire-plugin/xsd/surefire-test-report-3.0.xsd" version="3.0" name="com.example.propertymanagement.controller.AttendanceControllerDeleteTest" time="4.495" tests="10" errors="0" skipped="0" failures="0">
  <properties>
[...]
</properties>
  <testcase name="testDeleteRecord_NotFound" classname="com.example.propertymanagement.controller.AttendanceControllerDeleteTest" time="0.362">
    <system-out><![CDATA[01:51:12.732 [main] INFO org.springframework.test.context.support.AnnotationConfigContextLoaderUtils -- Could not detect default configuration classes for test class [com.example.propertymanagement.controller.AttendanceControllerDeleteTest]: AttendanceControllerDeleteTest does not declare any static, non-private, non-final, nested classes annotated with @Configuration.
01:51:12.776 [main] INFO org.springframework.boot.test.context.SpringBootTestContextBootstrapper -- Found @SpringBootConfiguration com.example.propertymanagement.PropertyManagementApplication for test class com.example.propertymanagement.controller.AttendanceControllerDeleteTest

  .   ____          _            __ _ _
 /\\ / ___'_ __ _ _(_)_ __  __ _ \ \ \ \
( ( )\___ | '_ | '_| | '_ \/ _` | \ \ \ \
 \\/  ___)| |_)| | | | | || (_| |  ) ) ) )
  '  |____| .__|_| |_|_| |_\__, | / / / /
 =========|_|==============|___/=/_/_/_/
 :: Spring Boot ::                (v3.2.5)

2026-06-21T01:51:12.884+08:00  INFO 94342 --- [           main] c.e.p.c.AttendanceControllerDeleteTest   : Starting AttendanceControllerDeleteTest using Java 25.0.2 with PID 94342 (started by zhangrunzhong in /Users/zhangrunzhong/IdeaProjects/Property_management_system)
2026-06-21T01:51:12.885+08:00  INFO 94342 --- [           main] c.e.p.c.AttendanceControllerDeleteTest   : The following 1 profile is active: "test"
2026-06-21T01:51:13.135+08:00  INFO 94342 --- [           main] .s.d.r.c.RepositoryConfigurationDelegate : Bootstrapping Spring Data JPA repositories in DEFAULT mode.
2026-06-21T01:51:13.156+08:00  INFO 94342 --- [           main] .s.d.r.c.RepositoryConfigurationDelegate : Finished Spring Data repository scanning in 19 ms. Found 11 JPA repository interfaces.
2026-06-21T01:51:13.357+08:00  INFO 94342 --- [           main] o.hibernate.jpa.internal.util.LogHelper  : HHH000204: Processing PersistenceUnitInfo [name: default]
2026-06-21T01:51:13.373+08:00  INFO 94342 --- [           main] org.hibernate.Version                    : HHH000412: Hibernate ORM core version 6.4.4.Final
2026-06-21T01:51:13.382+08:00  INFO 94342 --- [           main] o.h.c.internal.RegionFactoryInitiator    : HHH000026: Second-level cache disabled
2026-06-21T01:51:13.456+08:00  INFO 94342 --- [           main] o.s.o.j.p.SpringPersistenceUnitInfo      : No LoadTimeWeaver setup: ignoring JPA class transformer
2026-06-21T01:51:13.464+08:00  INFO 94342 --- [           main] com.zaxxer.hikari.HikariDataSource       : HikariPool-1 - Starting...
2026-06-21T01:51:13.525+08:00  INFO 94342 --- [           main] com.zaxxer.hikari.pool.HikariPool        : HikariPool-1 - Added connection conn0: url=jdbc:h2:mem:testdb user=SA
2026-06-21T01:51:13.525+08:00  INFO 94342 --- [           main] com.zaxxer.hikari.HikariDataSource       : HikariPool-1 - Start completed.
2026-06-21T01:51:13.532+08:00  WARN 94342 --- [           main] org.hibernate.orm.deprecation            : HHH90000025: H2Dialect does not need to be specified explicitly using 'hibernate.dialect' (remove the property setting and it will be selected by default)
2026-06-21T01:51:13.848+08:00  INFO 94342 --- [           main] o.h.e.t.j.p.i.JtaPlatformInitiator       : HHH000489: No JTA platform available (set 'hibernate.transaction.jta.platform' to enable JTA platform integration)
2026-06-21T01:51:13.873+08:00  INFO 94342 --- [           main] j.LocalContainerEntityManagerFactoryBean : Initialized JPA EntityManagerFactory for persistence unit 'default'
2026-06-21T01:51:14.053+08:00  INFO 94342 --- [           main] o.s.d.j.r.query.QueryEnhancerFactory     : Hibernate is in classpath; If applicable, HQL parser will be used.
2026-06-21T01:51:14.298+08:00  WARN 94342 --- [           main] JpaBaseConfiguration$JpaWebConfiguration : spring.jpa.open-in-view is enabled by default. Therefore, database queries may be performed during view rendering. Explicitly configure spring.jpa.open-in-view to disable this warning
2026-06-21T01:51:14.309+08:00  WARN 94342 --- [           main] .s.s.UserDetailsServiceAutoConfiguration : 

Using generated security password: 5f58a42b-57b7-43dc-9217-dcbbf892fcbd

This generated password is for development use only. Your security configuration must be updated before running your application in production.

2026-06-21T01:51:14.491+08:00  INFO 94342 --- [           main] o.s.b.a.e.web.EndpointLinksResolver      : Exposing 1 endpoint(s) beneath base path '/actuator'
2026-06-21T01:51:14.513+08:00  INFO 94342 --- [           main] o.s.s.web.DefaultSecurityFilterChain     : Will secure any request with [org.springframework.security.web.session.DisableEncodeUrlFilter@d866565, org.springframework.security.web.context.request.async.WebAsyncManagerIntegrationFilter@302e3484, org.springframework.security.web.context.SecurityContextHolderFilter@73703970, org.springframework.security.web.header.HeaderWriterFilter@79add96c, org.springframework.web.filter.CorsFilter@4db11495, org.springframework.security.web.savedrequest.RequestCacheAwareFilter@41caf01, org.springframework.security.web.servletapi.SecurityContextHolderAwareRequestFilter@6e530ccc, org.springframework.security.web.authentication.AnonymousAuthenticationFilter@6f83db89, org.springframework.security.web.access.ExceptionTranslationFilter@1844e563, org.springframework.security.web.access.intercept.AuthorizationFilter@6e2f838e]
2026-06-21T01:51:14.674+08:00  INFO 94342 --- [           main] o.s.b.t.m.w.SpringBootMockServletContext : Initializing Spring TestDispatcherServlet ''
2026-06-21T01:51:14.674+08:00  INFO 94342 --- [           main] o.s.t.web.servlet.TestDispatcherServlet  : Initializing Servlet ''
2026-06-21T01:51:14.674+08:00  INFO 94342 --- [           main] o.s.t.web.servlet.TestDispatcherServlet  : Completed initialization in 0 ms
2026-06-21T01:51:14.697+08:00  INFO 94342 --- [           main] c.e.p.c.AttendanceControllerDeleteTest   : Started AttendanceControllerDeleteTest in 1.888 seconds (process running for 2.229)
系统初始化：已创建超级管理员 (admin/123456)
系统初始化：已创建普通管理员 (admin2/654321)
系统初始化：已创建审计管理员 (audit/audit123)
系统初始化：已创建3栋测试楼栋
系统初始化：已创建房间数据
系统初始化：已创建5个住户账户
系统初始化：已创建4个职工账户
]]></system-out>
    <system-err><![CDATA[WARNING: A Java agent has been loaded dynamically (/Users/zhangrunzhong/.m2/repository/net/bytebuddy/byte-buddy-agent/1.14.13/byte-buddy-agent-1.14.13.jar)
WARNING: If a serviceability tool is in use, please run with -XX:+EnableDynamicAgentLoading to hide this warning
WARNING: If a serviceability tool is not in use, please run with -Djdk.instrument.traceUsage for more information
WARNING: Dynamic loading of agents will be disallowed by default in a future release
]]></system-err>
  </testcase>
  <testcase name="testBatchDelete_NoPermission_StaffRole" classname="com.example.propertymanagement.controller.AttendanceControllerDeleteTest" time="0.123"/>
  <testcase name="testDeleteRecord_Success" classname="com.example.propertymanagement.controller.AttendanceControllerDeleteTest" time="0.13"/>
  <testcase name="testBatchDelete_Success" classname="com.example.propertymanagement.controller.AttendanceControllerDeleteTest" time="0.136"/>
  <testcase name="testDeleteRecord_NoPermission_StaffRole" classname="com.example.propertymanagement.controller.AttendanceControllerDeleteTest" time="0.13"/>
  <testcase name="testBatchDelete_EmptyIds" classname="com.example.propertymanagement.controller.AttendanceControllerDeleteTest" time="0.123"/>
  <testcase name="testDeleteRecord_NoSession" classname="com.example.propertymanagement.controller.AttendanceControllerDeleteTest" time="0.122"/>
  <testcase name="testDeleteRecord_AlreadyDeleted" classname="com.example.propertymanagement.controller.AttendanceControllerDeleteTest" time="0.122"/>
  <testcase name="testAttendanceRecordsPage_Admin" classname="com.example.propertymanagement.controller.AttendanceControllerDeleteTest" time="0.241"/>
  <testcase name="testAttendanceRecordsPage_Staff" classname="com.example.propertymanagement.controller.AttendanceControllerDeleteTest" time="0.13"/>
</testsuite>